[+] (ERRORS) [WinError 10061] No connection could be made because the target machine actively refused it 2023-03-15 23:17:28.044971
[+] (DECRYPTED_DATA) b'SEK#\x06\xf3+\xa5\xe3\xd6.\xb1\x8b\x95\xc0v3\xb1E\xec\xdcy\xc3\xbb\xe1\xa7\xaa\xbf\xcf\xd2\xa5\x17)\xd13"\xa0\xf9\xd8ec\x05[H\x94\x1c\xad\xd2\xefk\xc7\no\xc0\x9e4\xc8\xbeas\xd8$3n\x83#@\x9b\x01\xda[\xdb\xd9\x90\xba_\xbb?,\'\xfb\xba\xa8\x13\x98\x81\xea3\x04N|"\x98u\xb5 \xa4\xb0G+\xb6\xc5\xf4%q\xc0D\xae+\xf5`0\x02RP-kbA\xa1\xe7p\xb9\x1b\xed\xf2v\xc6w\xe5\xc4\t\x15\x1fQ\xee]o\xa5)\xc5\x95\x005\xd60\xc7X\n\xc7\x7f[^\xfe\xa9\x8f\x15|\xef\xf1\xf9\xab+l\x18\x8d,\x96e\xc0\xb9\xdc\xa0\x9b\xbb\xff\xe1FA\xf9\xc3\x1f\xc0\xc1\xf0\xef\xcd\xafI\x1f\x19\xa2\xa4i\xcf`PhY\xab\x93VoA\xcbqk\xac\x1a\xad\xa6M\xfbU_\x17}\xa7\x8f\xd3\x12\x9d\xf2\x90\x93A\xe4\xf4\xd9(\xc3h\xc8"0\x90\xb9i\x9c\x15\x12h\xa0\xf7\x8c\x1dm\x94\xd2\x84\xc2\x8aY\x1f\x0c\x1e\x19n\xbd@###' 2023-03-15 23:17:54.857202
[+] (DECRYPTED_DATA) b'\xa0\x18EG\xb1Y\x98i\xd7\xe2\xf4C\xe2\x10\xe7\xa5\xef\xcb\\@\xbc\xda\xe8?' 2023-03-15 23:17:54.874398
[+] (DECRYPTED_DATA) b'SEK#\x87\xf8\x07\xd8\t\xcdnt$\xe9\x11xC\xed\x1d\xd8\xd1\xe8\xba\xce\x7f\xd6_*W\x13\xbc\xd7\xcc\xd09\xc0\xf1\xee\xed4eo\x9e%\x05\xd2~\xad\x1aZb\xff\x94:\x12\x0747(\xc3\xac\xe7\xd1)\x1fl\xaa\xf3\xf9\xab{#!M\xadJ\x8ado\x14\xdd\xf0a\x85\x7f6t\xa2,,\xf4\x8aO\x0e\xd7\xcb?p\x86d\x95xh\xff\xdb\xad\x88\xd0lg\xe8\xb2\x1cm\xba\x1cI\xc9\xc1\xb5\xdf\x82VJ\x0cS\xf5\xb7\x9f\x03U\xa8\x060\x8f++X\x99\xa7\x1d\xdf\xff\xc8f\xe2\xa7\xcc\xd5-\xf9I\x86\xccXT\x95\x97>z\xe2OF\x91o\x19\x13\x94\x10\x8f\xee\x830pj\xacQP\x94xi\xc7A&\xb2F\x9cQX\x15F4y\xadjb\xc5>\xad_\\\xcb\x8bp\xac\xb5\xa0\xb4|UC\xf9\xd2\x87F\xad\xde+\x9a\xdf\xb2\xd5\xa1k1\x9d\xad\xf0\xbaKq\x18\x14\xda\xe1-\x89\xb0\xfa\x07!\xcd\r\x11Kb\x1b\xc1\x93x/\x19.2\xad\x95\x1c\x04\x00\xe5###' 2023-03-15 23:26:19.574865
[+] (DECRYPTED_DATA) b'.\xf5\xb2\xfb\x05, \x9c\xb5\x17\x14Z\xd7K\xcb\x8a{\xd1@\xd1{<T=' 2023-03-15 23:26:19.588486
[+] (DECRYPTED_DATA) b'SEK#k\x90$y\xce^\xaf8\x03q\x96\xd0r^@\x80+\xa7\xa6\xcc^\xb9\xfd\x00\xc89L\x0f>K\xa3\x8b\x1a\xf9\x91m\x12\x0eJ\x9b\x12\xcb*u9\x1aa\x10\xbf8\x9e\xa3\x0f&Hl\xff\x83\x96\xf6\xf0\xa02\xf9\x94.cfD\x8f8\x06\xc0\xa9\xf5Hq\xcf\xba\xce\x95\xa0\xb4U\xbbI\xc6\x12\xaf>\x94\x88I\xfd7\x12z\xccx\x03\xed|)\xd3\xee\x16\xcc#9\x9d\xef\xa09\xf0!\x1b\xc0\x01/\x08P8\xf5\xf9~\xac\xda0\xcd\x02\xd4\xb8\x96[,\x0b#\x9by\x95<\xd5u\xcd\xb7\xb6+\xc5\xaf,\xe5m\xf03\x82\x87&p\x81\x8cU\xafO\xbe\r\x1a\xaeO\xd8\xb0\xde|\xee\xdd\x0b/\xc6\x97(\xdc\xb7G\xf4\x12>\x99\xff\x8cdmqi)A8\x00\xeb.\x9c\xb38\xa2\x89\xf0\x1c\xd3\xde\xd1K\x85\xdfH\x08\x99\xc3\x1d\xe3\xfb\x92\xaa\x01%5\xe2\xe2\xb3\x10\xa7\xf3\xfb{> \x1c9^\r5D\x9b\xe7j\xce\x95s\xdb.\x07A\xe7\x13s\xe0j\xd8\xae###' 2023-03-15 23:26:47.215339
[+] (DECRYPTED_DATA) b'\x0c\x80\xed\xa6T*O]\xda\xcd\x87\xf0\xd0\xb1\x8a\xb4,\xdf\xefs\xf1\xb7\xbd\x1f' 2023-03-15 23:26:47.229930
[+] (ERRORS) [WinError 10054] An existing connection was forcibly closed by the remote host 2023-03-15 23:28:17.797502
[+] (DECRYPTED_DATA) b"SEK#8\xf5\x85\xc1'n/\x91b\xc7\xfd\x0c\x04\xa6\xd6#\xf3\x19\xd5\xba\xdc>tz\xee>MAR\x1eb\xf1\r\xd0 \xe4\xd2\xd8\xed\x80\xb0x\xd8\xe3\xa3\xbdw\x18C`z\xcb\xad\x8d\xdc\xaa\xfb\xcd\x98\xea\xa8^Z\x15\xaa\x1b\x8d.\xa3q\x87v\xd3\xe6)pTz\x12\x96\xb7{\xdc\xa6\xdcu\x9d\xef\xb6\xbf\xc7\xc0R\xf1+Ur\xc5\xbd9\x1c\x83g\xa4\xc6\xf2\x9d\xc6r\xa6z\x1b\x1e\xb3/!w\x8b\xe9$\xe9\xbb@~\x9e8\x99\xcb\xd3\xb5\xa7\xc6N\xcb\x16\x99V\xb9 \x84\xa36d\xfeUMVW\x94\xd6\xc2k\x15p+\x1f1\x0cZH:U\x18\xfe\x01\xcf\xcaF\xf6`\x01\x89\xc4e\xea\xa06<^|3\x89\xf5\xa5\x934\xe9\xde\x83\xc3\xfe\xd4\xf4\xa4\xb3\xbe\xe2\xbe\xf3R\xb4N\xbc\xb8Lm\x02\xcb\xf1\x99i\xb7+\xb7\xc6\xf4\x83\x11kb\xc5\x87[4\x80\xdd[p}\xf28\x87\xfe\x06Q\xa9p\x90\x85x\xdaE\x80TbH\xbf\x8e\x8c}\xd5\xb5\x92\x8a\x97N###" 2023-03-15 23:29:44.726968
[+] (DECRYPTED_DATA) b'SEK#\x8d^\xe8\xbf.\x1f\\w\xec$5\x1e\xe3t\xbf\xde=k\x19\x8e{\x02<|\x90v\x9d\t\x07\xfb\xcc\xc7\xe9\x804V$\xc4\xdd<\xcd\xb5\xe1\xbf\xe4`Uai\x8d8\xb9\x99c\x00C\n\x8d\x9e\x8b\xa4\xdb\xfaR\xf6#\xf4\xfc\x0b\x96\xfe\xe2IH{\xd8%\xaaSzL\x8aRx4T\xb4\xbd\xc6\n\xee\xc4\x19\x8d\x9b\x9a#\x17\xe1\x8e\xc64j\xcd\xc3&\xcf\x16\xe1\x95Z\x9dZ\xc4\xad\x00\xde\x16\xa4\xca\x93\xa2\x8c(\x8cEl\xb7d\xea\x05\xfaH@u\xe4\xa3\xbe\xbf$\x93\xa21\xd6^\xe0\x06V\xd5\xd8\x8e\xe3\xfdYj\xf4\x98\x9e\xefN.\x82c\xa5\xf6\x1c\x1c\xc1\x93\xa8y\x17g5\xfb\xeb\xf6C\xef\xff\x89\x80\x14\xbc\xf5\xb4\xa6\xd9\x15V\x1a\x15\x9fe\x96\x1cV\x9a\xde#\xc6}\x97\xad=2\xb2HkFC\n6 \x0c\xf1\x17\x8a\xeb\xf2\xe0\x03\x99\xc7\xdc\xd7\x02^-\'B"h\xd1\xd9\x1fJ\xb0\xb0\x8c\x0e\x9e{\xc0\xd3\xe6\x9a\xbc\xce8\x90\xb8\x81\xb7\xb4d###' 2023-03-15 23:31:23.137893
[+] (DECRYPTED_DATA) b'v\xe3@\xae \xa2:\x85\xdai\xa2\xae\x0b\xe2\x19\xd5\x86:b\xac[\x94!3' 2023-03-15 23:31:23.153910
[+] (DECRYPTED_DATA) b'SEK#\xban\xf4\x00\xd6a*\xbe6\xa24\xcc\xc5q\xf3\xde\x16\xbc\x87\xc3u\xcf\x1fa\xc0\xbf\xa3\xf0C\xcc\xb8M\x8f\x01\x7f\x1f-\xa4\xd9\xe2x\x02\xa1&\xb4m\xe4\xc9\x15\x06\x16\x0b5\x99]\xa8\x98\xa929]\\\xb0\x84\xd9"\tl)=\xdd\x9cc\xb3\\\x101s\xa7\x08B\x89z\x12\xdb\x82\x01\xa0\xbe>q\xd7U\xc7\xc7\x1b\x1a^\xda2\x94\x99\xb3\xceF\x0b\xd4\xd8\xac\xf6\xfe\x9a0:-\xe3`\xc8\xe8\xef\xe5\x90:\x1b\xe6u\x9er\xe6\xf1\x01\xe7\t\xfd4\xefJ\x1c\x1f\xfa\x16S\xc6\xbf\xbbV\xab\xabeRvX\n\xcfd\xdd\xc5\xea\xe1\x9fQ\x01\xcd\x8d{]D@\x94=?\xd1\xb2\x87\xae\x7fn0\xb2{\xd6\x7f\xa6\xb1!\x85n\xb40\xab\xfb\x8e(\x08\xf2\x8e\x82\x80z\xef&\xe8\xb7\x03\xc2\xb1\xc6\\\xd1gW\x86S\xba\xe7\x11\xbc\x95\x9b\xd8b\x94\xdaY\xfc\xf5P\xff$#/H\x92BL\xe0\x81\xeb\xd9J\xec#D\xeds\x18>)\x9b\xc7\x11\xa0\x80v\x0e\t###' 2023-03-15 23:32:17.887851
[+] (DECRYPTED_DATA) b'GYi./\x19\xb2\x93~\x9a\xfc:\xeb\xb8ZoX\x96q\xa6\x12o\xb3\x81' 2023-03-15 23:32:17.903836
[+] (DECRYPTED_DATA) b'SEK# k&\xab\x84\x17\t\x8c\xce\x11\'\x1c;\x04\xde\xea\x93\xab\xfd\x1a#"\xfc\x9b\x11\xc5\xeb\x07\x88k\xb8\x08\xa4\x99\xf3\xd0\xe0\xc9\xa0\x83\xc6\xe3\xd5pQ\xc4UW\x99\xda\xf9\xc6\xa9\xde\x90\xe2}Q\x02\x7f\x08E\x0cA\xddDG\x8c\xac\xc7\x19\xaf^Fr\xa8+\x96\xd1\xf1;\x89\xde\xf4\xa0P]\xb0-(\xb0\x90\xf5;\xeb\x9bS\x05A\x8c\x7f\x97\x0et\x17\x17k)w2"\xec\xfar3}\x97P2\xd0\x7fs\xf7f)\x9cj>\xeezS\xf3\x14@%\x82|w\xddLp\x932d\x93\xe5\xbd\xda\xa2t\xb1-\xf5b\x9b\xf7\xe8\xcf\xd0~,\xfb\x9d\x10|gI\x06\xd1\xc55\xde\xfbW\xed\xcaf\xaf\n\xed\xfao\x06\x1fV\xb0Z+T\xb4<\x15\xba\xb7 \xde!\'#\xa3!\xedc\xc3\xf2\xbfO\xce\x92dS\x06/\x00\x13\x85\x13\x8f8\xee\x87\xcfm!\x9e\xd8\x87rU-.\xc9_)\xd7\xc0z\\\x80\xf50>\x11rb\xba\xb52\xdd\xec\xbe\xf4/H\xa2\x08###' 2023-03-15 23:32:23.835629
[+] (DECRYPTED_DATA) b'\x04\xd2\xf0_\x0c\xc2\x9f\x1ag2\t\xc3\x84\xdd\xe9v\xdfY\x1d\xe3\x9dJ \xbd' 2023-03-15 23:32:23.848566
[+] (DECRYPTED_DATA) b'SEK#,u\x94\xa3\xb2\xa9-"B_\x00\xc3\xdc\xd8\x83\x07\xea%\xd0\xb9<\x01K\x99\xfd\x8f)\xe8@N\x02Y\xeb\xdaq4\x9e-%\xf3\xbf\xa6y\xf1i\xd6\xe0K\x04\xbeG\xb8\xd4\x1f%XQ\xdbE\xa8z\xe0\x0c\xed\x99J-\xa7L\x18\xde\xa2\xd1q\xae\xec\xe0!f\x07\x8b\x8e-\x8c\x0f\x8f^F\x00\x9b\xdd/\xc1r\xd4.\x89]\xe1\xf0\xfa_\x14\xdb\x8a}\xa2\xd8\x1c$\xa3\xba\xb5\x19\xc3\xb5\xc6\xc8\xba\xa1\x95\xfe\xc7b\x9fH\xac\xdbh\x1fj8s\xe3\x10\x8d\x80?~\xee\xf2\xe2\x92\xb4\xcb\x1d\xca<d\x88{rD\xea\xf9\xa1\xa4\x99|\x1a5)n\xe7HUt\x0f1\xe2\x8b}\xbfy\xe0\x9e,\xe1T\xe5\xb5\xad\xf2{\xb3*\xc6D\xb9q\xdc\x05\xbe\xfc\x04I\xa1\xed\x86*Q\xf9C\x02\x15\xa2k\xc7\xf1\xd5\x10W\x12C\x7f\xc2\xee\xe2\xdf\x892\x18\xd9\x14\xb7\xfd\x03gt\xd8\x98cJr?Nu\xdf\xe0?p\xf5\xdc\xb3\x86\x94\x95~\x97\x1b\xba\xe0\x15\xbb\x05\x9e###' 2023-03-15 23:33:16.100459
[+] (DECRYPTED_DATA) b'?\xef\xbd5\xbf\xec\xeb\x9a-,?!(?\xbd\x02\xfd8\xca\x91@h1\xe2' 2023-03-15 23:33:17.631911
[+] (ENCRYPTED_DATA) b'SEK#C\x9d$hw%GFRd[\xa2\xd6\x1a\xf00<j\xaa\x90\xabA1\xfdP7\x99x\x8c\x96z\xbb(/Q\x91\x99\xa2\x946\x00\xba\xc9\xfcZ\x01M\xd7@\xd0\x13JS\xc1\x9a>&\x9f\xfe#\x0c]_i\xb8e\xb261\xfb=F*0\xf6V|\x9a\xf3\x16\x1e\x9fc\x1dE5p\xd9\x86\xfc\xab\xe6H:\x890\x95a\x13>\x8a+;\xba5t\xc3\x86\x86\x97\xca\xe4\xd0\xead\xe1(\xf1\x8a\xe1\xcf\xb2$J0!\x1d\xb1\xd2`\x00):\xdc\xba\xbf\x98;3\xa7N/\xc1\x87H\xc2\x88\xccH\xea\x99\xf0\x8c\xcc\x05\xd5\xe2\x9b\xfb\x96\xc6\x89\xf9\xcd\x0f.\xc9\xael\xfb,\x15v)\x8a$\xd2\x00\xa9\xde\xfb\xe0\xe0^\x19\xa5\x8a^Z\xf5\x1e\x06\xc9\x05S\xcb\xa6\x91T\x10Y5\xa6\x07\x10\x8c\xd2W\x17\x1c\x9a\xaa\xaa\x9f\xc47\xef\xe0\xf70y\xac\xa1\xcc\xe1?\xcc:\xcb\x89g\xb2\xaa\x89\xfb\xee6\xe5\x14\x82\xf5\xb5\x8egk\xb1]\x7f8=\xaf\xbb\xd0\xad3 ###' 2023-03-15 23:34:19.302653
[+] (DECRYPTED_DATA) b'|\x13+\xd4V\x93^k\x9a)\xca\x9e\xab\n\xdb\xfe\xaf"A\xb8c\xb1)\xdc' 2023-03-15 23:34:19.318636
[+] (ENCRYPTED_DATA) b'SEK#,3[\xc8\x08*}\x0bf/\xb5\x80\xf6@\xdb^\x0c\xa9\x99[\x991\xa66\xbes\xfb[\xe9$\xa1}o\x87+\x98_\xc0\xd0]\x15)\xfc\x81\xbb\x94\x15\x98\xbf\xd4\xa4\xcd,\x1eZG\x7f\xcc\xbc\xd5\x10\x98\x08e\xaa\x8e\x02\xca8<\xae\xc27n\xd0\xf8k\x03\x9a)<7\xda\xb1\xab\x17v\xa1\xce\x15b\x89\xbb\xfc\xb1\x1df\xa7\xd3!\x15\xe6M\xbbf\t1\xe8q\\,\x1c\xc4\xae\x869\x7f#\xe2X\xea;\xa2\x82\x1c\xc4\xf4\xa5\xc2\xd3\xc2\x15\xbeP\xcd\xdd(\xa2}I\xc3\xa4\xa5\xf1-qS`:>*/\xda\xb1\xbd\xe91n+HA\xe2\xe9?\x17G%\xaf\x94\x9d\x930\x9e\xd9\xd0\xed\x0b\x9d\xed\x83\xca\x90FM\xf97|\xee\x84\xc4\x9b\xf9\r\xd7\xdfV\xd5\xa7\x0e\x91\xa1\xaai#\x80\xbf<f\xab\xb3`(\x98>\xa5\x7f\xe8w\x0f\x86\x05#\xc8\x11\t\x89\x86-\x1e\xb4\xf2g\xdbx\xd2C\xd4\xeb\xca\x96\x01<g\x87\x03\xa3S\x8f\xb8\xee\xbdK\xc6nx\xcd###' 2023-03-15 23:35:31.618417
[+] (DECRYPTED_DATA) b'\x029\xcd\xa5[\x1fq,g\x86`\xe2L\x04\x89\x01\x15X\xea\x06\x17q\x14;' 2023-03-15 23:35:31.633952
[+] (ENCRYPTED_DATA) b'SEK#\x0c\xc0\xa9\x18\xd0\x8e e\x84\x03;q\xd6F\xa4L\x998\xcbU\x95\xc5\x02\x17\x10\xcfh\x80\xad\xea\x07u$R\x1ehtc\x9c\xb5\x90<\t=\xd9\xe0\x04Gw\xd5\xd9\x88\x987\xb9^\xb2\x16\xe2l\x9d\xd8ho){\xb2go0\xb54\xf0\x81e\x97 |nJ\xb9\x10\xa2`\xcd\x0c\x97\x8e\xdc\x19Hi\x82,\x88j\xde\xaf\n6\xa8\xf1\xd3\xe0\xb7\xb5\x95\x104\xaa-@A\xa5\x8a\x9a\xc9\xc93\xa3\xe9\xad\xab\xca\xcf!\x87\xe2\x88)k\xfa7\xec~\xfb\x9b~+\x82\xf5j\xf8\x91\x9d\xf0th.\x04M\xddd\xed\xfeu,2\xafJ\xc4\x1b=\xfa\x01\xa33\xb75K%\xf5B\xde\xe1\xfb\x9e;\t+\xfb.&\xa2d\x98\xbb\x9f\xb5_+\x12\x88}\xb9G6\x95\x0eU\xc4\x8c\xb0\xf5\xd92\xfbGo\x9dc\xdc\xec_\xa5\xa9pJ\xfd\xfe\xb35J\xbb5\x1a\x91\xfd|\x86\x02\xbd\x89\x82\xf6\xc3\xb3\xdd\x9b\x05R:&\xf1_\x1e\x8b\xc6\xbe4|\x8e\xe8| \x1a###' 2023-03-15 23:36:23.433207
[+] (DECRYPTED_DATA) b'hf\xa2\xc58^\xa1k\xc8 V)\xfa5Kc\xd2R\xb2l\xbe\x8f\xdf\xf7' 2023-03-15 23:36:23.446473
[+] (ENCRYPTED_DATA) b'SEK#\xb5\x94\xd5\n\xdd\xfa\x8dY\xbf\r\xdf\xfc\xae\xfd\x8d\xe49\x83\x97=EF\xf8\xe6>\x15\x85`\\A\xdc\x01\xcb\x00\x8f\xb5\xc6\x84\xe0cx\xa3\xd3\xc4\x0c?\xe7;\x9a\xd9\x18\xc3dO\r\t\xbf`\x98\xb0rs,&i\x9c\x1a3\xdfv\x91\tY\x08\xdf\xe8\x97d\xda=\xce\x17/\xe5\x81\xcf.\x07\x14\x0b\x0f8\x91Z\\)LRCV\xd8\x82\x00i\xb0\xb6\x9b\xd43\x8c\x98t\xda4[v\x04\x981Y}\xc1^\x94\x04{1\x07#\xc8j\x7f\xebvD\xab\xbc-\xc4\x98\n-\xf3$w\xe8\xc68\x87\xb2\xcf\xd3k`^\xfc\xeb\x04\x81\xf1\x1b\xf5\x88\x91f\xe5\xd7\x1d\xbe\xe8\x82\xa5\xc6\xf1\x8d\x16\xb9X0\xfc\xa0\xb8\xc7\xa1\xcb\xc7\xb41\xa9\xb0i\x89\xd7V>\xcb\xba\x91\xe5\xf8\xa4\xc9`\xad\xfa\x12\xf3X\xe9W\x1d\x1f\xe6Rh9o~\x17N\x8c\xc7D\x95\xe1\xc0\xffY\x0c\x87k\xd9\x1e\xb2-v]\x9b\xc3\x91\xfb\xe3Bar\xa4\x13\xf0\xe7[\xe8Zs\x82Hb###' 2023-03-15 23:36:35.111798
[+] (DECRYPTED_DATA) b'\xf8Q\xd6\xee\xb7\xaaA\xe5%\x02\x95e\x16=\x86\xdc\x0c11\x98\xd8\xe9|\xe9' 2023-03-15 23:36:35.126334
[+] (ERRORS) '_DHPublicKey' object has no attribute 'exportKey' 2023-04-13 22:21:17.387546
[+] (ERRORS) '_DHPublicKey' object has no attribute 'exportKey' 2023-04-13 22:22:37.832892
[+] (ENCRYPTED_DATA) b'SEK# \xc1\xaf\xebJ^\xbc\xa3&\x0e\xf7\xa9\xdf\xbe^\xc5\x1d*a\xd3\x8f\xa5\r\xec\x0cB\xa5\xc4#<\x9e\xa3\x15\x96[\xb0\xea\xd1a_?\x1e\x8a\x8c\xfbh\xdf$\x05\xd3Z\x84^\xd7s~bA\xe2\xa1bU<\xb7\x19\x9c/c\xfc\xda\xc3\x82:*\xc1\x0c\xe6\xd2\x03\x91)\xce\xf2tA\n\x0f\xbc\xd9J\xdf\xf7B\xe4\x81\x14%\xb5B\x83\x8co\x98\x91\xde\xb8\x0b|\xeaO\xdan\xf4D\xdd\xc7\xca\xe9\x81\xcd\xec0\x0f\x83V\xb2\xfe\xee\x7f8o\x9f\xf4\x88\x8f\xce\xae\xd8\x19\xa0\x0e\x18_t\xc5\x01\xf0\x02\\yd\xe0\xb0{V\xbb\x1fJU:\xaf\xfa\xf8\x8bq8\x14\xf9\x0eVy-\x11z\xfb%N\x8bZ^\t\xf7AE\x19p\xbfk\xe4_\xa7F\xc6\xefz\xc3\xbb;\xbe\x0c\x00w\xe9L\x07\xf1\xb6\xe2\x16\x13<\xbc\xe4\xa2C\xa3\x87u!\xd5\xd3\x9b\x8f\xd5t\x82\x06\xdd\x99\x15\x14\xd0Y/\xcb\x7f\x11!qGn\x08\xb9\xcc\x08\x02l\x88jf#\xb0\xd6[\xaa8###' 2023-04-13 22:23:02.009563
[+] (DECRYPTED_DATA) b'\xac\xc1~\xaa``vFD\x9c\x99\x7f!\x850\xcf\xae`?\xc0n^\xb8\xc1' 2023-04-13 22:23:02.018447
[+] (ERRORS) '_DHPublicKey' object has no attribute 'exportKey' 2023-04-13 22:24:57.115427
[+] (ERRORS) '_DHPublicKey' object has no attribute 'exportKey' 2023-04-13 23:00:04.598580
[+] (ERRORS) '_DHPublicKey' object has no attribute 'exportKey' 2023-04-13 23:10:07.942647
[+] (ERRORS) '_DHPublicKey' object has no attribute 'exportKey' 2023-04-13 23:12:43.202642
[+] (ERRORS) '_DHPublicKey' object has no attribute 'exportKey' 2023-04-13 23:14:07.945624
[+] (ENCRYPTED_DATA) b'SEK#\xa6E\x00\x00\x00\x00\x00\x00\x00\x00\x00\x00\x00\x00\x00\x00\x00\x00\x00\x00\x00\x00\x00\x00\x00\x00\x00\x00\x00\x00\x00\x00\x00\x00\x00\x00\x00\x00\x00\x00\x00\x00\x00\x00\x00\x00\x00\x00\x00\x00\x00\x00\x00\x00\x00\x00\x00\x00\x00\x00\x00\x00\x00\x00\x00\x00\x00\x00\x00\x00\x00\x00\x00\x00\x00\x00\x00\x00\x00\x00###' 2023-04-14 18:21:33.681326
[+] (ERRORS) 'utf-8' codec can't decode byte 0xa6 in position 0: invalid start byte 2023-04-14 18:21:33.689986
[+] (ENCRYPTED_DATA) b'SEK#\xf8_\x00\x00\x00\x00\x00\x00\x00\x00\x00\x00\x00\x00\x00\x00\x00\x00\x00\x00\x00\x00\x00\x00\x00\x00\x00\x00\x00\x00\x00\x00\x00\x00\x00\x00\x00\x00\x00\x00\x00\x00\x00\x00\x00\x00\x00\x00\x00\x00\x00\x00\x00\x00\x00\x00\x00\x00\x00\x00\x00\x00\x00\x00\x00\x00\x00\x00\x00\x00\x00\x00\x00\x00\x00\x00\x00\x00\x00\x00###' 2023-04-14 18:22:44.833142
[+] (ERRORS) 'utf-8' codec can't decode byte 0xf8 in position 0: invalid start byte 2023-04-14 18:22:44.836982
[+] (ENCRYPTED_DATA) b'SEK#n\x07\x02\x00\x00\x00\x00\x00\x00\x00\x00\x00\x00\x00\x00\x00\x00\x00\x00\x00\x00\x00\x00\x00\x00\x00\x00\x00\x00\x00\x00\x00\x00\x00\x00\x00\x00\x00\x00\x00\x00\x00\x00\x00\x00\x00\x00\x00\x00\x00\x00\x00\x00\x00\x00\x00\x00\x00\x00\x00\x00\x00\x00\x00\x00\x00\x00\x00\x00\x00\x00\x00\x00\x00\x00\x00\x00\x00\x00\x00###' 2023-04-14 18:23:57.514644
[+] (ERRORS) Invalid base64-encoded string: number of data characters (1) cannot be 1 more than a multiple of 4 2023-04-14 18:23:57.520689
[+] (ENCRYPTED_DATA) b'SEK#\x17\x80\x01\x00\x00\x00\x00\x00\x00\x00\x00\x00\x00\x00\x00\x00\x00\x00\x00\x00\x00\x00\x00\x00\x00\x00\x00\x00\x00\x00\x00\x00\x00\x00\x00\x00\x00\x00\x00\x00\x00\x00\x00\x00\x00\x00\x00\x00\x00\x00\x00\x00\x00\x00\x00\x00\x00\x00\x00\x00\x00\x00\x00\x00\x00\x00\x00\x00\x00\x00\x00\x00\x00\x00\x00\x00\x00\x00\x00\x00###' 2023-04-14 18:24:46.869625
[+] (ERRORS) 'utf-8' codec can't decode byte 0x80 in position 1: invalid start byte 2023-04-14 18:24:46.876869
[+] (ENCRYPTED_DATA) b'SEK#\x8f,\x00\x00\x00\x00\x00\x00\x00\x00\x00\x00\x00\x00\x00\x00\x00\x00\x00\x00\x00\x00\x00\x00\x00\x00\x00\x00\x00\x00\x00\x00\x00\x00\x00\x00\x00\x00\x00\x00\x00\x00\x00\x00\x00\x00\x00\x00\x00\x00\x00\x00\x00\x00\x00\x00\x00\x00\x00\x00\x00\x00\x00\x00\x00\x00\x00\x00\x00\x00\x00\x00\x00\x00\x00\x00\x00\x00\x00\x00###' 2023-04-14 18:26:53.471059
[+] (ERRORS) 'utf-8' codec can't decode byte 0x8f in position 0: invalid start byte 2023-04-14 18:26:53.479706
[+] (ENCRYPTED_DATA) b'SEK#\x1a|\x00\x00\x00\x00\x00\x00\x00\x00\x00\x00\x00\x00\x00\x00\x00\x00\x00\x00\x00\x00\x00\x00\x00\x00\x00\x00\x00\x00\x00\x00\x00\x00\x00\x00\x00\x00\x00\x00\x00\x00\x00\x00\x00\x00\x00\x00\x00\x00\x00\x00\x00\x00\x00\x00\x00\x00\x00\x00\x00\x00\x00\x00\x00\x00\x00\x00\x00\x00\x00\x00\x00\x00\x00\x00\x00\x00\x00\x00###' 2023-04-14 18:29:32.088193
[+] (DECRYPTED_DATA) 0 2023-04-14 18:29:32.094747
[+] (ERRORS) local variable 'iv' referenced before assignment 2023-04-14 18:29:32.096742
[+] (ENCRYPTED_DATA) b'SEK#\xc0\x07\x01\x00\x00\x00\x00\x00\x00\x00\x00\x00\x00\x00\x00\x00\x00\x00\x00\x00\x00\x00\x00\x00\x00\x00\x00\x00\x00\x00\x00\x00\x00\x00\x00\x00\x00\x00\x00\x00\x00\x00\x00\x00\x00\x00\x00\x00\x00\x00\x00\x00\x00\x00\x00\x00\x00\x00\x00\x00\x00\x00\x00\x00\x00\x00\x00\x00\x00\x00\x00\x00\x00\x00\x00\x00\x00\x00\x00\x00###' 2023-04-14 18:29:50.870814
[+] (ERRORS) 'utf-8' codec can't decode byte 0xc0 in position 0: invalid start byte 2023-04-14 18:31:09.729695
[+] (ENCRYPTED_DATA) b'SEK#\xac\x96\x01\x00\x00\x00\x00\x00\x00\x00\x00\x00\x00\x00\x00\x00\x00\x00\x00\x00\x00\x00\x00\x00\x00\x00\x00\x00\x00\x00\x00\x00\x00\x00\x00\x00\x00\x00\x00\x00\x00\x00\x00\x00\x00\x00\x00\x00\x00\x00\x00\x00\x00\x00\x00\x00\x00\x00\x00\x00\x00\x00\x00\x00\x00\x00\x00\x00\x00\x00\x00\x00\x00\x00\x00\x00\x00\x00\x00\x00###' 2023-04-14 18:31:27.917524
[+] (ERRORS) '(2,)' 2023-04-14 18:31:40.642949
[+] (ENCRYPTED_DATA) b'SEK#?c\x00\x00\x00\x00\x00\x00\x00\x00\x00\x00\x00\x00\x00\x00\x00\x00\x00\x00\x00\x00\x00\x00\x00\x00\x00\x00\x00\x00\x00\x00\x00\x00\x00\x00\x00\x00\x00\x00\x00\x00\x00\x00\x00\x00\x00\x00\x00\x00\x00\x00\x00\x00\x00\x00\x00\x00\x00\x00\x00\x00\x00\x00\x00\x00\x00\x00\x00\x00\x00\x00\x00\x00\x00\x00\x00\x00\x00\x00###' 2023-04-14 18:36:09.698796
[+] (ENCRYPTED_DATA) b'SEK#\xace\x00\x00\x00\x00\x00\x00\x00\x00\x00\x00\x00\x00\x00\x00\x00\x00\x00\x00\x00\x00\x00\x00\x00\x00\x00\x00\x00\x00\x00\x00\x00\x00\x00\x00\x00\x00\x00\x00\x00\x00\x00\x00\x00\x00\x00\x00\x00\x00\x00\x00\x00\x00\x00\x00\x00\x00\x00\x00\x00\x00\x00\x00\x00\x00\x00\x00\x00\x00\x00\x00\x00\x00\x00\x00\x00\x00\x00\x00###' 2023-04-14 18:37:37.984244
[+] (ERRORS) '(2,)' 2023-04-14 18:38:28.285438
[+] (ENCRYPTED_DATA) b'SEK#\xb7\x07\x00\x00\x00\x00\x00\x00\x00\x00\x00\x00\x00\x00\x00\x00\x00\x00\x00\x00\x00\x00\x00\x00\x00\x00\x00\x00\x00\x00\x00\x00\x00\x00\x00\x00\x00\x00\x00\x00\x00\x00\x00\x00\x00\x00\x00\x00\x00\x00\x00\x00\x00\x00\x00\x00\x00\x00\x00\x00\x00\x00\x00\x00\x00\x00\x00\x00\x00\x00\x00\x00\x00\x00\x00\x00\x00\x00\x00\x00###' 2023-04-14 18:39:30.148634
[+] (ERRORS) '(2,)' 2023-04-14 18:39:30.157145
[+] (ENCRYPTED_DATA) b'SEK#\x1e1\x01\x00\x00\x00\x00\x00\x00\x00\x00\x00\x00\x00\x00\x00\x00\x00\x00\x00\x00\x00\x00\x00\x00\x00\x00\x00\x00\x00\x00\x00\x00\x00\x00\x00\x00\x00\x00\x00\x00\x00\x00\x00\x00\x00\x00\x00\x00\x00\x00\x00\x00\x00\x00\x00\x00\x00\x00\x00\x00\x00\x00\x00\x00\x00\x00\x00\x00\x00\x00\x00\x00\x00\x00\x00\x00\x00\x00\x00###' 2023-04-14 18:40:31.281878
[+] (ENCRYPTED_DATA) b'SEK#\x94]\x00\x00\x00\x00\x00\x00\x00\x00\x00\x00\x00\x00\x00\x00\x00\x00\x00\x00\x00\x00\x00\x00\x00\x00\x00\x00\x00\x00\x00\x00\x00\x00\x00\x00\x00\x00\x00\x00\x00\x00\x00\x00\x00\x00\x00\x00\x00\x00\x00\x00\x00\x00\x00\x00\x00\x00\x00\x00\x00\x00\x00\x00\x00\x00\x00\x00\x00\x00\x00\x00\x00\x00\x00\x00\x00\x00\x00\x00###' 2023-04-14 18:41:27.569302
[+] (ERRORS) 'utf-8' codec can't decode byte 0x94 in position 0: invalid start byte 2023-04-14 18:41:42.424117
[+] (ENCRYPTED_DATA) b'SEK#\x08\xb0\x01\x00\x00\x00\x00\x00\x00\x00\x00\x00\x00\x00\x00\x00\x00\x00\x00\x00\x00\x00\x00\x00\x00\x00\x00\x00\x00\x00\x00\x00\x00\x00\x00\x00\x00\x00\x00\x00\x00\x00\x00\x00\x00\x00\x00\x00\x00\x00\x00\x00\x00\x00\x00\x00\x00\x00\x00\x00\x00\x00\x00\x00\x00\x00\x00\x00\x00\x00\x00\x00\x00\x00\x00\x00\x00\x00\x00\x00###' 2023-04-14 20:00:39.139734
[+] (ERRORS) none valid key data. expect PEM 2023-04-14 20:00:47.563602
[+] (ENCRYPTED_DATA) b'SEK#\x0e\xe1\x01\x00\x00\x00\x00\x00\x00\x00\x00\x00\x00\x00\x00\x00\x00\x00\x00\x00\x00\x00\x00\x00\x00\x00\x00\x00\x00\x00\x00\x00\x00\x00\x00\x00\x00\x00\x00\x00\x00\x00\x00\x00\x00\x00\x00\x00\x00\x00\x00\x00\x00\x00\x00\x00\x00\x00\x00\x00\x00\x00\x00\x00\x00\x00\x00\x00\x00\x00\x00\x00\x00\x00\x00\x00\x00\x00\x00\x00###' 2023-04-14 20:02:12.838303
[+] (ERRORS) none valid key data. expect PEM 2023-04-14 20:02:18.203489
[+] (ENCRYPTED_DATA) b'SEK#\x0f\xa4\x01\x00\x00\x00\x00\x00\x00\x00\x00\x00\x00\x00\x00\x00\x00\x00\x00\x00\x00\x00\x00\x00\x00\x00\x00\x00\x00\x00\x00\x00\x00\x00\x00\x00\x00\x00\x00\x00\x00\x00\x00\x00\x00\x00\x00\x00\x00\x00\x00\x00\x00\x00\x00\x00\x00\x00\x00\x00\x00\x00\x00\x00\x00\x00\x00\x00\x00\x00\x00\x00\x00\x00\x00\x00\x00\x00\x00\x00###' 2023-04-14 20:03:07.330921
[+] (ERRORS) none valid key data. expect PEM 2023-04-14 20:03:33.648521
[+] (ENCRYPTED_DATA) b'SEK#\xbc\xe6\x01\x00\x00\x00\x00\x00\x00\x00\x00\x00\x00\x00\x00\x00\x00\x00\x00\x00\x00\x00\x00\x00\x00\x00\x00\x00\x00\x00\x00\x00\x00\x00\x00\x00\x00\x00\x00\x00\x00\x00\x00\x00\x00\x00\x00\x00\x00\x00\x00\x00\x00\x00\x00\x00\x00\x00\x00\x00\x00\x00\x00\x00\x00\x00\x00\x00\x00\x00\x00\x00\x00\x00\x00\x00\x00\x00\x00\x00###' 2023-04-14 20:06:32.313598
[+] (DECRYPTED_DATA) 104917 2023-04-14 20:06:32.516880
[+] (ERRORS) local variable 'iv' referenced before assignment 2023-04-14 20:06:32.524519
[+] (ENCRYPTED_DATA) b'SEK#\xb8\x12\x02\x00\x00\x00\x00\x00\x00\x00\x00\x00\x00\x00\x00\x00\x00\x00\x00\x00\x00\x00\x00\x00\x00\x00\x00\x00\x00\x00\x00\x00\x00\x00\x00\x00\x00\x00\x00\x00\x00\x00\x00\x00\x00\x00\x00\x00\x00\x00\x00\x00\x00\x00\x00\x00\x00\x00\x00\x00\x00\x00\x00\x00\x00\x00\x00\x00\x00\x00\x00\x00\x00\x00\x00\x00\x00\x00\x00\x00###' 2023-04-14 20:09:13.385488
[+] (ENCRYPTED_DATA) b'SEK#\xf6J\x01\x00\x00\x00\x00\x00\x00\x00\x00\x00\x00\x00\x00\x00\x00\x00\x00\x00\x00\x00\x00\x00\x00\x00\x00\x00\x00\x00\x00\x00\x00\x00\x00\x00\x00\x00\x00\x00\x00\x00\x00\x00\x00\x00\x00\x00\x00\x00\x00\x00\x00\x00\x00\x00\x00\x00\x00\x00\x00\x00\x00\x00\x00\x00\x00\x00\x00\x00\x00\x00\x00\x00\x00\x00\x00\x00\x00\x00###' 2023-04-14 20:09:59.766570
[+] (DECRYPTED_DATA) 38047 2023-04-14 20:11:06.903891
[+] (ERRORS) object of type 'int' has no len() 2023-04-14 20:11:06.916317
[+] (ENCRYPTED_DATA) b'SEK#\xc8\t\x02\x00\x00\x00\x00\x00\x00\x00\x00\x00\x00\x00\x00\x00\x00\x00\x00\x00\x00\x00\x00\x00\x00\x00\x00\x00\x00\x00\x00\x00\x00\x00\x00\x00\x00\x00\x00\x00\x00\x00\x00\x00\x00\x00\x00\x00\x00\x00\x00\x00\x00\x00\x00\x00\x00\x00\x00\x00\x00\x00\x00\x00\x00\x00\x00\x00\x00\x00\x00\x00\x00\x00\x00\x00\x00\x00\x00\x00###' 2023-04-14 20:12:38.951462
[+] (DECRYPTED_DATA) 83908 2023-04-14 20:12:53.354102
[+] (ENCRYPTED_DATA) b'SEK#\x98\xbe\x01\x00\x00\x00\x00\x00\x00\x00\x00\x00\x00\x00\x00\x00\x00\x00\x00\x00\x00\x00\x00\x00\x00\x00\x00\x00\x00\x00\x00\x00\x00\x00\x00\x00\x00\x00\x00\x00\x00\x00\x00\x00\x00\x00\x00\x00\x00\x00\x00\x00\x00\x00\x00\x00\x00\x00\x00\x00\x00\x00\x00\x00\x00\x00\x00\x00\x00\x00\x00\x00\x00\x00\x00\x00\x00\x00\x00\x00###' 2023-04-14 20:18:20.689539
[+] (ENCRYPTED_DATA) b'SEK#9\x15\x00\x00\x00\x00\x00\x00\x00\x00\x00\x00\x00\x00\x00\x00\x00\x00\x00\x00\x00\x00\x00\x00\x00\x00\x00\x00\x00\x00\x00\x00\x00\x00\x00\x00\x00\x00\x00\x00\x00\x00\x00\x00\x00\x00\x00\x00\x00\x00\x00\x00\x00\x00\x00\x00\x00\x00\x00\x00\x00\x00\x00\x00\x00\x00\x00\x00\x00\x00\x00\x00\x00\x00\x00\x00\x00\x00\x00\x00###' 2023-04-14 20:19:19.284889
[+] (DECRYPTED_DATA) 54426 2023-04-14 20:19:44.101383
[+] (ERRORS) Incorrect AES key length (5 bytes) 2023-04-14 20:19:44.113764
[+] (ENCRYPTED_DATA) b'SEK#\xd6\xfe\x01\x00\x00\x00\x00\x00\x00\x00\x00\x00\x00\x00\x00\x00\x00\x00\x00\x00\x00\x00\x00\x00\x00\x00\x00\x00\x00\x00\x00\x00\x00\x00\x00\x00\x00\x00\x00\x00\x00\x00\x00\x00\x00\x00\x00\x00\x00\x00\x00\x00\x00\x00\x00\x00\x00\x00\x00\x00\x00\x00\x00\x00\x00\x00\x00\x00\x00\x00\x00\x00\x00\x00\x00\x00\x00\x00\x00\x00###' 2023-04-14 20:19:46.632348
[+] (DECRYPTED_DATA) 105027 2023-04-14 20:20:11.429393
[+] (ERRORS) Incorrect AES key length (6 bytes) 2023-04-14 20:20:11.438429
[+] (ERRORS) unsupported operand type(s) for ** or pow(): 'int' and 'bytes' 2023-04-14 20:24:23.002765
[+] (ERRORS) can only concatenate str (not "ConnectionResetError") to str 2023-04-14 20:48:49.979816
[+] (ENCRYPTED_DATA) b'SEK#\xc3\x1d\x01\x00\x00\x00\x00\x00\x00\x00\x00\x00\x00\x00\x00\x00\x00\x00\x00\x00\x00\x00\x00\x00\x00\x00\x00\x00\x00\x00\x00\x00\x00\x00\x00\x00\x00\x00\x00\x00\x00\x00\x00\x00\x00\x00\x00\x00\x00\x00\x00\x00\x00\x00\x00\x00\x00\x00\x00\x00\x00\x00\x00\x00\x00\x00\x00\x00\x00\x00\x00\x00\x00\x00\x00\x00\x00\x00\x00\x00###' 2023-04-14 20:49:52.074475
[+] (DECRYPTED_DATA) 75720 2023-04-14 20:49:52.079475
[+] (ERRORS) Incorrect AES key length (5 bytes) 2023-04-14 20:49:52.081506
[+] (ENCRYPTED_DATA) b'SEK#~\xee\x01\x00\x00\x00\x00\x00\x00\x00\x00\x00\x00\x00\x00\x00\x00\x00\x00\x00\x00\x00\x00\x00\x00\x00\x00\x00\x00\x00\x00\x00\x00\x00\x00\x00\x00\x00\x00\x00\x00\x00\x00\x00\x00\x00\x00\x00\x00\x00\x00\x00\x00\x00\x00\x00\x00\x00\x00\x00\x00\x00\x00\x00\x00\x00\x00\x00\x00\x00\x00\x00\x00\x00\x00\x00\x00\x00\x00\x00###' 2023-04-14 20:52:21.094329
[+] (ERRORS) [WinError 10060] A connection attempt failed because the connected party did not properly respond after a period of time, or established connection failed because connected host has failed to respond 2023-04-14 20:54:40.552897
[+] (ENCRYPTED_DATA) b'SEK#K\x1e\x00\x00\x00\x00\x00\x00\x00\x00\x00\x00\x00\x00\x00\x00\x00\x00\x00\x00\x00\x00\x00\x00\x00\x00\x00\x00\x00\x00\x00\x00\x00\x00\x00\x00\x00\x00\x00\x00\x00\x00\x00\x00\x00\x00\x00\x00\x00\x00\x00\x00\x00\x00\x00\x00\x00\x00\x00\x00\x00\x00\x00\x00\x00\x00\x00\x00\x00\x00\x00\x00\x00\x00\x00\x00\x00\x00\x00\x00###' 2023-04-14 20:55:00.794560
[+] (DECRYPTED_DATA) 133437 2023-04-14 20:55:00.807053
[+] (ERRORS) Incorrect AES key length (6 bytes) 2023-04-14 20:55:00.808901
[+] (ENCRYPTED_DATA) b'SEK#\xce\xca\x01\x00\x00\x00\x00\x00\x00\x00\x00\x00\x00\x00\x00\x00\x00\x00\x00\x00\x00\x00\x00\x00\x00\x00\x00\x00\x00\x00\x00\x00\x00\x00\x00\x00\x00\x00\x00\x00\x00\x00\x00\x00\x00\x00\x00\x00\x00\x00\x00\x00\x00\x00\x00\x00\x00\x00\x00\x00\x00\x00\x00\x00\x00\x00\x00\x00\x00\x00\x00\x00\x00\x00\x00\x00\x00\x00\x00\x00###' 2023-04-14 20:56:28.888153
[+] (DECRYPTED_DATA) 33973 2023-04-14 20:56:28.894279
[+] (ENCRYPTED_DATA) b'SEK#4\xa3\xfdQ\xcc/\x805#\xf9\xfd\xa6Q\xd4\x12\xa3\x00\x00\x00\x00\x00\x00\x00\x00\x00\x00\x00\x00\x00\x00\x00\x00\x00\x00\x00\x00\x00\x00\x00\x00\x00\x00\x00\x00\x00\x00\x00\x00\x00\x00\x00\x00\x00\x00\x00\x00\x00\x00\x00\x00\x00\x00\x00\x00\x00\x00\x00\x00\x00\x00\x00\x00\x00\x00\x00\x00\x00\x00\x00\x00###' 2023-04-14 21:03:29.249882
[+] (DECRYPTED_DATA) 227832225492013827528271848678244193722 2023-04-14 21:03:29.255886
[+] (ERRORS) Incorrect AES key length (39 bytes) 2023-04-14 21:03:29.257882
[+] (ERRORS) [WinError 10061] No connection could be made because the target machine actively refused it 2023-04-14 21:04:33.205105
[+] (ENCRYPTED_DATA) b'SEK#\x1b\xe7\xd8\xaa\xa7\xee.\xeeV\x81V\xf5V4\xb0L\x04\x00\x00\x00\x00\x00\x00\x00\x00\x00\x00\x00\x00\x00\x00\x00\x00\x00\x00\x00\x00\x00\x00\x00\x00\x00\x00\x00\x00\x00\x00\x00\x00\x00\x00\x00\x00\x00\x00\x00\x00\x00\x00\x00\x00\x00\x00\x00\x00\x00\x00\x00\x00\x00\x00\x00\x00\x00\x00\x00\x00\x00\x00\x00###' 2023-04-14 21:05:16.993979
[+] (DECRYPTED_DATA) 3050629047607279388398350537559154500748 2023-04-14 21:05:16.999993
[+] (ERRORS) Incorrect AES key length (40 bytes) 2023-04-14 21:05:17.006006
[+] (ENCRYPTED_DATA) b"SEK#\x02'\xd9\xe9\xa9Y\x03\x80-\xfe(\xf8\xaa\xedAd\t\x00\x00\x00\x00\x00\x00\x00\x00\x00\x00\x00\x00\x00\x00\x00\x00\x00\x00\x00\x00\x00\x00\x00\x00\x00\x00\x00\x00\x00\x00\x00\x00\x00\x00\x00\x00\x00\x00\x00\x00\x00\x00\x00\x00\x00\x00\x00\x00\x00\x00\x00\x00\x00\x00\x00\x00\x00\x00\x00\x00\x00\x00\x00###" 2023-04-14 21:28:50.017911
[+] (DECRYPTED_DATA) 2074757272010012388354308099049427086602 2023-04-14 21:28:50.022908
[+] (ERRORS) Incorrect AES key length (40 bytes) 2023-04-14 21:28:50.025039
[+] (ENCRYPTED_DATA) b'SEK##\x9a1\xf5D\xda\x07\x94\xe1:\xbd\xfa\xea\xc30\x84\x0c\x00\x00\x00\x00\x00\x00\x00\x00\x00\x00\x00\x00\x00\x00\x00\x00\x00\x00\x00\x00\x00\x00\x00\x00\x00\x00\x00\x00\x00\x00\x00\x00\x00\x00\x00\x00\x00\x00\x00\x00\x00\x00\x00\x00\x00\x00\x00\x00\x00\x00\x00\x00\x00\x00\x00\x00\x00\x00\x00\x00\x00\x00\x00###' 2023-04-14 21:33:16.090308
[+] (DECRYPTED_DATA) 2634713591744585979406594784838661291925 2023-04-14 21:35:38.898713
[+] (ENCRYPTED_DATA) b'SEK#\xc6a\xc7\x8e\xf4\x9c\xedE\xd4.\x9d\x06\x06\xcb\x17\xdd\x0b\x00\x00\x00\x00\x00\x00\x00\x00\x00\x00\x00\x00\x00\x00\x00\x00\x00\x00\x00\x00\x00\x00\x00\x00\x00\x00\x00\x00\x00\x00\x00\x00\x00\x00\x00\x00\x00\x00\x00\x00\x00\x00\x00\x00\x00\x00\x00\x00\x00\x00\x00\x00\x00\x00\x00\x00\x00\x00\x00\x00\x00\x00\x00###' 2023-04-14 21:36:41.127047
[+] (DECRYPTED_DATA) 3518539133937506574822144733614719026564 2023-04-14 21:36:41.752603
[+] (ENCRYPTED_DATA) b'SEK#\xaadS\x99o\x9bz\xa6t\x9e\xfc\xfd\xda]\xf7\xc5\x02\x00\x00\x00\x00\x00\x00\x00\x00\x00\x00\x00\x00\x00\x00\x00\x00\x00\x00\x00\x00\x00\x00\x00\x00\x00\x00\x00\x00\x00\x00\x00\x00\x00\x00\x00\x00\x00\x00\x00\x00\x00\x00\x00\x00\x00\x00\x00\x00\x00\x00\x00\x00\x00\x00\x00\x00\x00\x00\x00\x00\x00\x00\x00###' 2023-04-14 21:37:03.984741
[+] (DECRYPTED_DATA) 3304832049088386058199158717713821075971 2023-04-14 21:37:03.990785
[+] (ERRORS) Incorrect AES key length (40 bytes) 2023-04-14 21:37:03.992784
[+] (ENCRYPTED_DATA) b'SEK#\xafC\xfe\r\xe8\xc8{\x9er.\x9b\x8a\x9a\xc4\xfa"\x0b\x00\x00\x00\x00\x00\x00\x00\x00\x00\x00\x00\x00\x00\x00\x00\x00\x00\x00\x00\x00\x00\x00\x00\x00\x00\x00\x00\x00\x00\x00\x00\x00\x00\x00\x00\x00\x00\x00\x00\x00\x00\x00\x00\x00\x00\x00\x00\x00\x00\x00\x00\x00\x00\x00\x00\x00\x00\x00\x00\x00\x00\x00\x00###' 2023-04-14 21:37:57.040975
[+] (DECRYPTED_DATA) 2543007987284378214875755094456840082829 2023-04-14 21:37:57.047406
[+] (ERRORS) Incorrect AES key length (17 bytes) 2023-04-14 21:37:57.049403
[+] (ENCRYPTED_DATA) b'SEK#)\x04\xc9\x02g\xdf\xd1\xad\x95\xad\xe3>A\x05=\xe8\x07\x00\x00\x00\x00\x00\x00\x00\x00\x00\x00\x00\x00\x00\x00\x00\x00\x00\x00\x00\x00\x00\x00\x00\x00\x00\x00\x00\x00\x00\x00\x00\x00\x00\x00\x00\x00\x00\x00\x00\x00\x00\x00\x00\x00\x00\x00\x00\x00\x00\x00\x00\x00\x00\x00\x00\x00\x00\x00\x00\x00\x00\x00\x00###' 2023-04-14 21:38:14.809811
[+] (DECRYPTED_DATA) 938735178215070919448182909735582107914 2023-04-14 21:38:14.815808
[+] (ERRORS) int too big to convert 2023-04-14 21:38:14.817803
[+] (ENCRYPTED_DATA) b'SEK#\x01B:\xd3\xb0\x15\x82P\x8c\x187\x14a\xc4n\x8c\x00\x00\x00\x00\x00\x00\x00\x00\x00\x00\x00\x00\x00\x00\x00\x00\x00\x00\x00\x00\x00\x00\x00\x00\x00\x00\x00\x00\x00\x00\x00\x00\x00\x00\x00\x00\x00\x00\x00\x00\x00\x00\x00\x00\x00\x00\x00\x00\x00\x00\x00\x00\x00\x00\x00\x00\x00\x00\x00\x00\x00\x00\x00\x00###' 2023-04-14 21:39:43.105852
[+] (DECRYPTED_DATA) 151016038729832206616947371185392071365 2023-04-14 21:39:43.111846
[+] (ENCRYPTED_DATA) b'SEK#t\x11Y\x88\x84\x83\xbb#\xcb=\xeb\xfb\x03\x08*\xa4\x00\x00\x00\x00\x00\x00\x00\x00\x00\x00\x00\x00\x00\x00\x00\x00\x00\x00\x00\x00\x00\x00\x00\x00\x00\x00\x00\x00\x00\x00\x00\x00\x00\x00\x00\x00\x00\x00\x00\x00\x00\x00\x00\x00\x00\x00\x00\x00\x00\x00\x00\x00\x00\x00\x00\x00\x00\x00\x00\x00\x00\x00\x00\x00###' 2023-04-14 21:40:52.872856
[+] (DECRYPTED_DATA) 103943694236424867627642558298894520170 2023-04-14 21:40:53.572593
[+] (ENCRYPTED_DATA) b"SEK#g37\x9c:^\x83^jHo1l\x9e~-\xd9\x1e+\x1fb\x96+\xec\xc6\xbd\xe1\t\xea}\xa8\x03Q\xbfcPlJ\x95\xd3\xb0d\x9bxv\x85d\xa0\x15\xfd\xd1\x14u\xa3\xdd\xe8\x96\x87\x83\xee\xd2\x90\xcd\xc0Fd\xb2l\xc2\xe6b\xb0\x9f/u:\xaf\xdb(O^r2\xf1\x14\xc4\xe0rDS\xbf\x1e@;\xe4\xc3\xbe\xe7~M\xd26s{/\xcfm-\x04\xc8zEtBc`\xb9\xd9\x1f\xa4\xd3\xf4\xc2\x03\xdfjPU\xb8\x05\xefN\xeas\x08\xf8\xef\x9a\x92A\xba\xe8\x18`f\x00\x1d\xb65\x88\xb9\x9f48\xff\xe5{;\x8a~\xa6\xfd+Ys\xcb}\xe4\x03\xcei\x08Lz\x83\xd6/\x85e\xe2\xed\x961\xe8'\n\xdc\x8c\xdf.kq\xe4<\xec4ON\x86 \x12c\xb8\x1c\\\x90\x91\x8a\xfe*\x18\xad\xb1\x88J\xc3\x01\xcb\x11\x87\xabc\x89\x9e-\xc0\xb1\xe4\x87*\xc2\xfc&\xb3\xc6\xf4\x07\xd0Y\xec\x86\xb2+\x13\x83}\xd3L\x18\xcfq8\x0c}\x95\x90###" 2023-04-14 21:41:18.662917
[+] (DECRYPTED_DATA) b'\xcc\xe4\x85\xbe\xa9\\\x88\xf9a\nar\n\xde\xa5+k\xa5\xeb\xaaB\xed\x0b\xba' 2023-04-14 21:41:18.673886
[+] (ENCRYPTED_DATA) b'SEK#"?\x96"\x85\xbd\xdc\xa3\xec\x11\xcbQ\xe6\xda\x1c8\x00\x00\x00\x00\x00\x00\x00\x00\x00\x00\x00\x00\x00\x00\x00\x00\x00\x00\x00\x00\x00\x00\x00\x00\x00\x00\x00\x00\x00\x00\x00\x00\x00\x00\x00\x00\x00\x00\x00\x00\x00\x00\x00\x00\x00\x00\x00\x00\x00\x00\x00\x00\x00\x00\x00\x00\x00\x00\x00\x00\x00\x00\x00\x00###' 2023-04-14 21:41:37.906584
[+] (DECRYPTED_DATA) 122514266147921986185777046100127650515 2023-04-14 21:41:37.912002
[+] (ENCRYPTED_DATA) b'SEK#\xc8\xf3-JON\xfc\xcfa{\x1931gB+\x00\x00\x00\x00\x00\x00\x00\x00\x00\x00\x00\x00\x00\x00\x00\x00\x00\x00\x00\x00\x00\x00\x00\x00\x00\x00\x00\x00\x00\x00\x00\x00\x00\x00\x00\x00\x00\x00\x00\x00\x00\x00\x00\x00\x00\x00\x00\x00\x00\x00\x00\x00\x00\x00\x00\x00\x00\x00\x00\x00\x00\x00\x00\x00###' 2023-04-14 21:44:48.352704
[+] (ENCRYPTED_DATA) b'SEK#\n3\x82X\x88\xdd\\\x1a\xd8X\x81\x88\xed\x16\xe2\xcdq\xf3_\xb6y\xb8\xe3{\x1a\x9731\t\x11\x9b\x00v\x82\xae\x81/\xfe\x1eF\xe3\x1e\xb3L9\xc1\x02\x066\r\xee`\x87O\xb1\x89%\x0b\xde\xf7\xb0"\xa8\x1b\xafb\x19\xa3\xe8\'\xc6\xbc\x16\xabt\xcec\xd4\xbb\r/[\x8an\xb2\xc1Q\x12~\xeae\xa4!r\x93Q}\x00\x14\xcf\x04\xf0\x90dt\'\x9b\xd8\xea\xee\x7f\x9bG\xb3e\xedA\x87\xa6*\x0c\xf6^\x13\x9d\x87+\x7fU\x82\xa8\x89q\x04\xeb\xa4o\xd5\x8b\x15\xfa\xcb\xba\xd6\xf5,V\x02+r&A\xdf\x00\xe0n\xbe\xd90\xa2=\xb9\x8cP\x83\x87K \xffZSas\x17=,\xaf\xcd`\x1f\x8f\x1b\x84\'Z\xb1z[@\xeb\xcb\xf1:;.\xa6L\xa1\x93\xac\xeb9^\xfa\xe1+\x13"9\xc7\xd6\x82\x0bj\xa1\xdf\x92\xdd\x9a\xdd\xd3\x13\x19\x7f\xde \x87\xd95\xfb\x05\x86\xe8:yz\x93\x1ag\x9f\x86\xea\xd2.\x06D\xe6n\xe4\xc6\x99\xe7\xa8\x0c3:###' 2023-04-17 22:52:55.775649
[+] (DECRYPTED_DATA) b'\xe2\xa3a\xa7x\xdf%?}@\xb2Z|\xeag\xbdb\x17-\xb4\xf4\xbdad' 2023-04-17 22:52:55.791476
[+] (ENCRYPTED_DATA) b'SEK#N\x9fC\xfbe{`\xbf\xe7\x0b\x8f\x0e\xd00\x81\x9b\x00\x00\x00\x00\x00\x00\x00\x00\x00\x00\x00\x00\x00\x00\x00\x00\x00\x00\x00\x00\x00\x00\x00\x00\x00\x00\x00\x00\x00\x00\x00\x00\x00\x00\x00\x00\x00\x00\x00\x00\x00\x00\x00\x00\x00\x00\x00\x00\x00\x00\x00\x00\x00\x00\x00\x00\x00\x00\x00\x00\x00\x00\x00\x00###' 2023-04-17 22:53:54.850496
[+] (ENCRYPTED_DATA) b'SEK#\xdc\x10_\xe1\x9a\xb3\x83\x81"\x8e\xf4\x8eB\xd4\xe3|\x00\x00\x00\x00\x00\x00\x00\x00\x00\x00\x00\x00\x00\x00\x00\x00\x00\x00\x00\x00\x00\x00\x00\x00\x00\x00\x00\x00\x00\x00\x00\x00\x00\x00\x00\x00\x00\x00\x00\x00\x00\x00\x00\x00\x00\x00\x00\x00\x00\x00\x00\x00\x00\x00\x00\x00\x00\x00\x00\x00\x00\x00\x00\x00###' 2023-04-17 22:59:36.655598
[+] (DECRYPTED_DATA) 71776122670351746327559709028083034340 2023-04-17 22:59:36.663939
[+] (ENCRYPTED_DATA) b'SEK#5mP\x0c$4P4\xf4\xb5\xa8\x90\xea\t]\x17###' 2023-04-17 23:07:19.497756
[+] (DECRYPTED_DATA) 195051858722531900082696853555766840585 2023-04-17 23:07:19.503775
[+] (ENCRYPTED_DATA) b'SEK#[\xa7{\xfa=\x1a\x080d8?\xf2\xe3\x8e\x07Y###' 2023-04-17 23:14:47.301934
[+] (DECRYPTED_DATA) 21998729584369600399762544437221597240 2023-04-17 23:15:37.125998
[+] (ENCRYPTED_DATA) b'SEK#\x15\xb1\xd3\xce\r\x84\\\xc0\x16\xdf\xf89\xe8\xd8\xce-4\x96G\x9fXn8nv\xc9\x17\x9aD\xc3\xe0\xae\xfb\x98\x84\xf0\xf5\xc8\xea\xca"oB\xcc\x81c\x13?\t\x87(.7\x96\xfap7V\x88\xcd\x1cr\xa8\xab\x88l\xb91\xac\xa5\xfc\xc68\xc9~\xe4&\x99&`\xa6\x1c\x87\xd3\xa0\x99\x86\x9cj\x06\x128#gc\x82\x14\x19\xdaB,3\x17\xc3\x8c\x0cC?2p\x8e!\xfc,R\xd6c\xe7\x0cM\x16\xba7\xa4zbT=\xaf8\xb3H\xa8i\x01\x06\xf1\xafh\x04\xd2\xe8%\xcd{G\xd3\x8eX-\xd4\x0f\x12\x94\xf0$\x81M\x9e\x1cn\xeb\xe2\x8f\x81\x00\n\xec+4\xa7]7\x1a\xaf`A\xdc\x84\x8f\xa1AB\x17\x03\x16\xf6\xbd\xcd\x87buu}Y\x87\x80N\xd1\x90\x87\xba\x0f\x92\x1e*\xb9\xdb2s\xfe\n\xbd\x0e\xa8\xf2\x98\xf5}\x1f\xe4\x8d\xaf\x8b\xeb\xa3\xca\xed%\x10\xecP\r\xa2A\xe6\xfd\xad\xceE\x9aD\x8a/\x0c\xd2Y\x97\x04\\ }\x96\xf5\x85\x13###' 2023-04-17 23:18:08.590204
[+] (DECRYPTED_DATA) b'\t\xd4@\x93\xb560i\x83\xaa/)\xe2\xc3\xed__\x9aVnV\x85\x1a3' 2023-04-17 23:18:08.604222
[+] (ERRORS) can only concatenate str (not "ConnectionResetError") to str 2023-04-17 23:29:44.295916
[+] (ENCRYPTED_DATA) b'SEK#\x8c\xae\x9a6SH\xa6\xc5\x12\xfb=\xaf\x0b\x80\xdc3###' 2023-04-17 23:54:58.929199
[+] (DECRYPTED_DATA) b'SEK#\x8c\xae\x9a6SH\xa6\xc5\x12\xfb=\xaf\x0b\x80\xdc3###' 2023-04-17 23:54:58.939482
[+] (ERRORS) Incorrect AES key length (23 bytes) 2023-04-17 23:54:58.941651
[+] (ENCRYPTED_DATA) b'SEK#\xacV\xfb\x07t9\xa0\xde\xbd\x1a\xec\x1d}<\x02\x07###' 2023-04-22 11:34:02.773430
[+] (DECRYPTED_DATA) b'SEK#\xacV\xfb\x07t9\xa0\xde\xbd\x1a\xec\x1d}<\x02\x07###' 2023-04-22 11:35:24.010391
[+] (ERRORS) Incorrect AES key length (23 bytes) 2023-04-22 11:35:24.014593
[+] (ENCRYPTED_DATA) 94234074461716660623629499445104988790 2023-04-22 11:35:40.164311
[+] (ENCRYPTED_DATA) b'd\xf0r\xca\x15\xadB\xc1JR6!X,\xff\xab3tG\xf5#R\xdc\x06' 2023-04-22 11:40:17.754264
[+] (DECRYPTED_DATA) b'd\xf0r\xca\x15\xadB\xc1JR6!X,\xff\xab3tG\xf5#R\xdc\x06' 2023-04-22 11:40:17.760250
[+] (ENCRYPTED_DATA) b'\xf13g\xb21\xa7\x8e\xb7\x8a:6\x14A\xc5\x96a\xd4hO\xa7\x8f\xb0\xeam' 2023-04-22 11:42:40.044106
[+] (DECRYPTED_DATA) b'\xf13g\xb21\xa7\x8e\xb7\x8a:6\x14A\xc5\x96a\xd4hO\xa7\x8f\xb0\xeam' 2023-04-22 11:42:40.054244
[+] (ENCRYPTED_DATA) b'SEK#1^\xbb\xe9\xb4\xe9\x0c6\x94\xb6K\xe8QO\x9f\xd6\xe2\xa4\xea\x91\x85\xb0\x83\xd1?Hu\x177\xcd\x8a\x9ao\xe8\xc9\x1d](\xab\xeag\xfa\xf9\xc1,\x16+\xe7\xa7-\xafb\xef\xaf_X[\xef$&7}j%9_O\x06\xaf_\x0c-*\xce\x13\x11;\x89Bt\xd2\xbe\xb1\xd5\x1f{#\xae\xbdT\rP\x9e\xbc\xe4r\xa9\xa0w\xea\x12\x9e86\xd9\x90\xba\xa7B\x9d\xe9\xb7\x7f\x08\r9\x05\xe2\xc8\xdaj\x8b\'0O\xd7\xf5[\x1b\x10\xe6Xu\xad%\xc6\x80d\xfc\xfe27<\xb9\xcf2\x84\x8e(\xde\x0c\x8f\x1a\xf1\xbe\xb1\xc7\x14\xb6\xad\tT\x01\xa4\xae9}\xe1\xa6\xae\x96\x9c\x9a\x97Qr\xecq\xf4ir\xf7V\xa9"\x13\x9b\x95\xa6K\xd2\x8d\xccz\'\xedn<\x04Q|\xee1\x05\xcd\xbb\xa1\xddM<\xb8\x14 \xbe\xc7\xba\xafB\xe2\xd6\\\xa13\x02\x89\xe1\xea\x80\xaa\xab\x13f\xa6\xed\x1ck\x17^JH\'\xce\x12\xf6\xba\xb3\xad\xbf\xca\xb3\x16Z\x0e\xe7\xd9z###' 2023-04-22 11:45:15.177358
[+] (DECRYPTED_DATA) b'\xa5\xe0\xa7\xd0\t\xa6\x96\xcd\xee\xb3\xc8\xac\x8f\xe8AWh\x000\x97\x0c0\xc0\x1d' 2023-04-22 11:45:15.189562
[+] (ENCRYPTED_DATA) b'SEK#\x8av\xd5\x1f\n\xe7\xda\x00\x8d\xb2""\xeel\xfc\xf7b\xb7\x18@\xf66\x80\xa9\xfdW\xfa\xabZ\x8a\xc9\xc4\n\x86\xf0\x03\xf3\x82\xac*\xb9\x16\xad\xf2K\t\xa6y\xed+_\xf4\x18\x0f\'A\xef\xdb\xf6\xe37D\xc4\xe1C\x7f\xab\x07N\nVv-_\x14\x11\xea\xd1\x84\xaeyr\x06\x0bKW\x0e\x8d&\xd5\x8brA\x8f\x9f"\x88#\x94\xd2L\x88]\xaf\xa0\xdbr3\xc5\x9d\xf3\xa4\x04_\xdd\xce\x1epQ\x07\xe5\xd02\xa2%{]Z\x19\xf8x\x91I\xa2\x10\xe87M\xa2\xc3o\xfa/\x08\x84\xa7`k\xad\xa6;\xfa\xee\x8a\x83\x98\x9f\xa59\xce\x80`\x8doyRH\xa6\x1c\x1e%\xb2.~\x82\xd9\xdb\x92FE\x1e\xb0[\x04\xe6\xdc,\xa8d\xe8\xff\xd8\xb9\x8dc\xb7\x85\xc5\x8d<sQn\x90\x1dO?O\x93\xe2\x97\xe3\x81Bl\xfdS\xd5M\xa3\xf0\t\xa4\xc7\x99LLd-iPl\xb3I\xc7\x1d1\xd0\r\xe5\xcd\x88\x159G\xa29\x0f>F4X\xa0\xab\x91\xb5###' 2023-04-22 11:45:39.564153
[+] (DECRYPTED_DATA) b'\xf1\x07F$\xc6\xa9\xf8\xc1\xc5\xd4K\x95\xdc\xbc@\x96\x07b\xeaC\xe0Z%\x0b' 2023-04-22 11:45:39.578196
[+] (ENCRYPTED_DATA) 151260211610783173173656748955558212752927042478412741490411385043935231628229856490641501911008473630127303267537442582674767591027768392485554100614485059783375212366473698874321957125511624849806476133560640409386875844974881045255831743711918529030634592706519228995952656142558565367046145330612563007350 2023-04-22 15:41:46.375924
[+] (DECRYPTED_DATA) 151260211610783173173656748955558212752927042478412741490411385043935231628229856490641501911008473630127303267537442582674767591027768392485554100614485059783375212366473698874321957125511624849806476133560640409386875844974881045255831743711918529030634592706519228995952656142558565367046145330612563007350 2023-04-22 15:41:46.381912
[+] (ERRORS) int too big to convert 2023-04-22 15:41:46.388741
[+] (ENCRYPTED_DATA) 144317042148164044018929637199474174803759356621190721782988589621090351621681713039984706534530880930215896046730508695207362947846069346501113820773867757681932532765180021143338924084440313324328004623251164425971986380798841881588421084465896982264250686228673624803075033795557723820696694527086991728546 2023-04-22 15:42:16.761663
[+] (DECRYPTED_DATA) 144317042148164044018929637199474174803759356621190721782988589621090351621681713039984706534530880930215896046730508695207362947846069346501113820773867757681932532765180021143338924084440313324328004623251164425971986380798841881588421084465896982264250686228673624803075033795557723820696694527086991728546 2023-04-22 15:42:16.772738
[+] (ERRORS) Incorrect AES key length (164 bytes) 2023-04-22 15:42:16.776729
[+] (ENCRYPTED_DATA) 23558408061534939616059740281814689695120127522848228605399532554867155147673705622600154654976772683889248043457480723587403524097544624681403090740405998659250554442473342804475852969893363925590771168999876367173766029646610751569017392964694618729890737178272755085553964128365506320292362846955144724858 2023-04-22 15:42:57.115070
[+] (DECRYPTED_DATA) 23558408061534939616059740281814689695120127522848228605399532554867155147673705622600154654976772683889248043457480723587403524097544624681403090740405998659250554442473342804475852969893363925590771168999876367173766029646610751569017392964694618729890737178272755085553964128365506320292362846955144724858 2023-04-22 15:42:57.122284
[+] (ERRORS) Incorrect AES key length (164 bytes) 2023-04-22 15:42:57.125681
[+] (ERRORS) 'int' object is not subscriptable 2023-04-22 15:56:19.835906
[+] (ENCRYPTED_DATA) 128141240347333254712105476235726766129850669554057538450137558879088141994411832875506503128129917724493460666412080649044387345003574775832129504999466880430735613353702071717415843537116934356918419016883719769444516936484844836312563430718339015836933989234687137048514307774122817106846033792216987558382 2023-04-22 15:57:20.430623
[+] (DECRYPTED_DATA) 128141240347333254712105476235726766129850669554057538450137558879088141994411832875506503128129917724493460666412080649044387345003574775832129504999466880430735613353702071717415843537116934356918419016883719769444516936484844836312563430718339015836933989234687137048514307774122817106846033792216987558382 2023-04-22 15:57:20.435664
[+] (ERRORS) Incorrect AES key length (164 bytes) 2023-04-22 15:57:20.439656
[+] (ENCRYPTED_DATA) 16049545039177749974384681687464787232715486563504082432787647367443042908374164343842747511725005384006561090531578590448771532881496939901520589484489722371221740071389761739465894661526004824910086964873241370291585645071706593330745206195854114177179847306773246287742774902185474428335263872888132061768 2023-04-22 15:58:37.350043
[+] (DECRYPTED_DATA) 16049545039177749974384681687464787232715486563504082432787647367443042908374164343842747511725005384006561090531578590448771532881496939901520589484489722371221740071389761739465894661526004824910086964873241370291585645071706593330745206195854114177179847306773246287742774902185474428335263872888132061768 2023-04-22 15:58:37.353226
[+] (ERRORS) Incorrect AES key length (128 bytes) 2023-04-22 15:58:37.355739
[+] (ENCRYPTED_DATA) 161858678516737040112647769661710838809 2023-04-22 16:05:57.000139
[+] (DECRYPTED_DATA) 161858678516737040112647769661710838809 2023-04-22 16:05:57.028690
[+] (ENCRYPTED_DATA) 239966496819254515481928397980552881079 2023-04-22 16:06:03.871811
[+] (DECRYPTED_DATA) 239966496819254515481928397980552881079 2023-04-22 16:06:03.934012
[+] (ENCRYPTED_DATA) 240150300755489639891143508801619427225 2023-04-22 16:07:23.713708
[+] (DECRYPTED_DATA) 240150300755489639891143508801619427225 2023-04-22 16:07:23.715154
[+] (ENCRYPTED_DATA) 80806708879331998188687959928252291180 2023-04-22 16:08:00.411732
[+] (DECRYPTED_DATA) 80806708879331998188687959928252291180 2023-04-22 16:08:02.902026
[+] (ENCRYPTED_DATA) 166597284143611026239093548850661859252 2023-04-22 16:08:32.623539
[+] (DECRYPTED_DATA) 166597284143611026239093548850661859252 2023-04-22 16:08:33.007932
[+] (ENCRYPTED_DATA) 200351913471372702721864807299857985026 2023-04-22 16:09:33.898537
[+] (DECRYPTED_DATA) 200351913471372702721864807299857985026 2023-04-22 16:09:34.332031
[+] (ERRORS) Problem in server while choosing methods! 2023-04-22 16:10:34.151789
[+] (ENCRYPTED_DATA) 2505824982938765011111947096222132356 2023-04-22 16:10:51.706022
[+] (DECRYPTED_DATA) 2505824982938765011111947096222132356 2023-04-22 16:10:54.277390
[+] (ENCRYPTED_DATA) 134484691872583175369890832587845995996 2023-04-22 16:13:20.229337
[+] (DECRYPTED_DATA) 134484691872583175369890832587845995996 2023-04-22 16:13:20.233383
[+] (ENCRYPTED_DATA) 164570635020944816423640694430249441497 2023-04-22 16:13:41.506479
[+] (DECRYPTED_DATA) 164570635020944816423640694430249441497 2023-04-22 16:13:42.337065
[+] (ENCRYPTED_DATA) 67966179892425856173814769317133625019 2023-04-22 16:16:52.250250
[+] (DECRYPTED_DATA) 67966179892425856173814769317133625019 2023-04-22 16:16:52.255305
[+] (ENCRYPTED_DATA) 8289336348204788614897481387857881120 2023-04-22 16:18:44.603632
[+] (DECRYPTED_DATA) 8289336348204788614897481387857881120 2023-04-22 16:18:44.612163
[+] (ENCRYPTED_DATA) 167537192653726846298497985729596336648 2023-04-22 16:20:40.293656
[+] (DECRYPTED_DATA) 167537192653726846298497985729596336648 2023-04-22 16:20:40.295650
[+] (ENCRYPTED_DATA) 52895773746214272912561018805276155582 2023-04-22 16:21:19.197977
[+] (DECRYPTED_DATA) 52895773746214272912561018805276155582 2023-04-22 16:21:35.035034
[+] (ENCRYPTED_DATA) 183324599514729560842737205943630121436 2023-04-22 17:40:53.309411
[+] (DECRYPTED_DATA) 183324599514729560842737205943630121436 2023-04-22 17:40:54.648271
[+] (ENCRYPTED_DATA) 55053160810161699160230453999616753839 2023-04-22 17:41:26.230672
[+] (DECRYPTED_DATA) 55053160810161699160230453999616753839 2023-04-22 17:41:29.733642
[+] (ENCRYPTED_DATA) 176738671258252454371402411211713535652 2023-04-22 17:43:25.931350
[+] (DECRYPTED_DATA) 176738671258252454371402411211713535652 2023-04-22 17:43:28.033449
[+] (ENCRYPTED_DATA) 104602462766288659992998886984344651529 2023-04-22 17:43:39.763816
[+] (DECRYPTED_DATA) 104602462766288659992998886984344651529 2023-04-22 17:43:40.262486
[+] (ENCRYPTED_DATA) 51617848294240473394322584544265991630 2023-04-22 17:44:49.025128
[+] (DECRYPTED_DATA) 51617848294240473394322584544265991630 2023-04-22 17:44:49.589207
[+] (ENCRYPTED_DATA) 156461963793428407552927393418644411258 2023-04-22 17:45:02.935144
[+] (DECRYPTED_DATA) 156461963793428407552927393418644411258 2023-04-22 17:45:56.568707
[+] (ENCRYPTED_DATA) 63591322788201532598797156210103728269 2023-04-22 17:46:51.162737
[+] (DECRYPTED_DATA) 63591322788201532598797156210103728269 2023-04-22 17:46:51.176018
[+] (ENCRYPTED_DATA) 171568686643249261516273786935927112891 2023-04-22 17:50:45.429176
[+] (DECRYPTED_DATA) 171568686643249261516273786935927112891 2023-04-22 17:50:46.130768
[+] (ENCRYPTED_DATA) 118080962626657398860620653629391745740 2023-04-22 17:52:38.440567
[+] (ENCRYPTED_DATA) 167628233999397378586194042912930009847 2023-04-22 17:58:41.436079
[+] (DECRYPTED_DATA) 167628233999397378586194042912930009847 2023-04-22 17:58:42.493484
[+] (ENCRYPTED_DATA) 164077571497884455775893328760295423829 2023-04-22 18:01:01.217622
[+] (DECRYPTED_DATA) 164077571497884455775893328760295423829 2023-04-22 18:01:03.885080
[+] (ENCRYPTED_DATA) 19572340684536394583338923352593371546 2023-04-22 18:02:00.075963
[+] (DECRYPTED_DATA) 19572340684536394583338923352593371546 2023-04-22 18:02:00.094272
[+] (ENCRYPTED_DATA) 168588016810108551686872489690112309565 2023-04-22 18:03:19.528982
[+] (DECRYPTED_DATA) 168588016810108551686872489690112309565 2023-04-22 18:03:19.538024
[+] (ENCRYPTED_DATA) 106649757088227118798193399743378188127 2023-04-22 18:12:13.596505
[+] (DECRYPTED_DATA) 106649757088227118798193399743378188127 2023-04-22 18:12:13.605025
[+] (ERRORS) 'utf-8' codec can't decode byte 0xbe in position 6: invalid start byte 2023-04-22 18:12:43.617997
[+] (ERRORS) Ciphertext with incorrect length. 2023-04-22 18:13:58.569148
[+] (ENCRYPTED_DATA) b'"\\\x85\x06\x9da\x8a\xcb\x00Z\x8c\x85sN\x13v\xc3\xeb\tP\x92&\xbbY' 2023-04-22 18:15:30.809277
[+] (DECRYPTED_DATA) b'"\\\x85\x06\x9da\x8a\xcb\x00Z\x8c\x85sN\x13v\xc3\xeb\tP\x92&\xbbY' 2023-04-22 18:15:30.817043
[+] (ENCRYPTED_DATA) b'\xcd\xb7EOj\xdf\xd8\xd1\xb3]&\xe6\x99 \xc7\xaf\x9f\xffv>\xaa2\xfbb' 2023-04-22 18:15:36.843267
[+] (DECRYPTED_DATA) b'\xcd\xb7EOj\xdf\xd8\xd1\xb3]&\xe6\x99 \xc7\xaf\x9f\xffv>\xaa2\xfbb' 2023-04-22 18:15:36.849041
[+] (ENCRYPTED_DATA) 43974562721950852164047516353259535329 2023-04-22 18:16:11.630077
[+] (DECRYPTED_DATA) 43974562721950852164047516353259535329 2023-04-22 18:16:11.636605
[+] (ENCRYPTED_DATA) b'~u\x04K\x16\xe7\xd8\xd9\xb8\xe2\x0fV\x9b(u\x8cL@\x143\xb1\xf9\xfd\x02' 2023-04-22 18:16:26.045216
[+] (DECRYPTED_DATA) b'~u\x04K\x16\xe7\xd8\xd9\xb8\xe2\x0fV\x9b(u\x8cL@\x143\xb1\xf9\xfd\x02' 2023-04-22 18:16:26.052256
